<?xml version="1.0" encoding="UTF-8"?>
<testsuite xmlns:xsi="http://www.w3.org/2001/XMLSchema-instance" xsi:noNamespaceSchemaLocation="https://maven.apache.org/surefire/maven-surefire-plugin/xsd/surefire-test-report.xsd" name="com.epam.QuizLibraryOperationsServiceTest" time="0.094" tests="7" errors="0" skipped="0" failures="0">
  <properties>
[...]
</properties>
  <testcase name="viewQuizByExistingDomainTest" classname="com.epam.QuizLibraryOperationsServiceTest" time="0.057"/>
  <testcase name="addQuiz" classname="com.epam.QuizLibraryOperationsServiceTest" time="0.006"/>
  <testcase name="viewQuizByNotExistingDomainTest" classname="com.epam.QuizLibraryOperationsServiceTest" time="0.004"/>
  <testcase name="viewAllQuizTest" classname="com.epam.QuizLibraryOperationsServiceTest" time="0.007"/>
  <testcase name="updateQuiz" classname="com.epam.QuizLibraryOperationsServiceTest" time="0.005"/>
  <testcase name="addQuizWithDuplicateTitle" classname="com.epam.QuizLibraryOperationsServiceTest" time="0.005"/>
  <testcase name="deleteQuiz" classname="com.epam.QuizLibraryOperationsServiceTest" time="0.006"/>
</testsuite>